<?xml version="1.0" encoding="UTF-8"?>
<!-- Generated by org.testng.reporters.JUnitReportReporter -->
<testsuite skipped="0" hostname="SMSL161" name="context.Regresion" tests="1" failures="0" timestamp="20 dic 2019 14:22:53 GMT" time="0.081" errors="0">
  <testcase name="Caso1" time="0.081" classname="context.Regresion"/>
</testsuite> <!-- context.Regresion -->
